{"E:\\projects\\ricky-morty\\src\\App.tsx": {"path":"E:\\projects\\ricky-morty\\src\\App.tsx","statementMap":{"0":{"start":{"line":11,"column":20},"end":{"line":16,"column":null}},"1":{"start":{"line":18,"column":31},"end":{"line":20,"column":null}},"2":{"start":{"line":22,"column":30},"end":{"line":26,"column":null}},"3":{"start":{"line":28,"column":31},"end":{"line":35,"column":null}},"4":{"start":{"line":37,"column":27},"end":{"line":47,"column":null}},"5":{"start":{"line":19,"column":4},"end":{"line":19,"column":null}},"6":{"start":{"line":25,"column":4},"end":{"line":25,"column":null}},"7":{"start":{"line":31,"column":4},"end":{"line":31,"column":null}},"8":{"start":{"line":32,"column":27},"end":{"line":32,"column":null}},"9":{"start":{"line":33,"column":4},"end":{"line":33,"column":null}},"10":{"start":{"line":34,"column":4},"end":{"line":34,"column":null}},"11":{"start":{"line":38,"column":4},"end":{"line":38,"column":null}},"12":{"start":{"line":40,"column":4},"end":{"line":46,"column":null}},"13":{"start":{"line":41,"column":22},"end":{"line":41,"column":null}},"14":{"start":{"line":42,"column":6},"end":{"line":42,"column":null}},"15":{"start":{"line":44,"column":22},"end":{"line":44,"column":null}},"16":{"start":{"line":45,"column":6},"end":{"line":45,"column":null}},"17":{"start":{"line":50,"column":51},"end":{"line":50,"column":null}},"18":{"start":{"line":52,"column":4},"end":{"line":54,"column":null}},"19":{"start":{"line":53,"column":6},"end":{"line":53,"column":null}},"20":{"start":{"line":56,"column":4},"end":{"line":68,"column":null}}},"fnMap":{"0":{"name":"(anonymous_0)","decl":{"start":{"line":18,"column":31},"end":{"line":18,"column":58}},"loc":{"start":{"line":18,"column":58},"end":{"line":20,"column":null}},"line":18},"1":{"name":"(anonymous_1)","decl":{"start":{"line":22,"column":30},"end":{"line":22,"column":null}},"loc":{"start":{"line":24,"column":13},"end":{"line":26,"column":null}},"line":24},"2":{"name":"(anonymous_2)","decl":{"start":{"line":28,"column":31},"end":{"line":28,"column":null}},"loc":{"start":{"line":30,"column":22},"end":{"line":35,"column":null}},"line":30},"3":{"name":"(anonymous_3)","decl":{"start":{"line":37,"column":27},"end":{"line":37,"column":34}},"loc":{"start":{"line":37,"column":77},"end":{"line":47,"column":null}},"line":37},"4":{"name":"(anonymous_4)","decl":{"start":{"line":49,"column":18},"end":{"line":49,"column":27}},"loc":{"start":{"line":49,"column":27},"end":{"line":70,"column":null}},"line":49}},"branchMap":{"0":{"loc":{"start":{"line":37,"column":34},"end":{"line":37,"column":77}},"type":"default-arg","locations":[{"start":{"line":37,"column":55},"end":{"line":37,"column":77}}],"line":37},"1":{"loc":{"start":{"line":44,"column":22},"end":{"line":44,"column":null}},"type":"cond-expr","locations":[{"start":{"line":44,"column":47},"end":{"line":44,"column":63}},{"start":{"line":44,"column":63},"end":{"line":44,"column":null}}],"line":44},"2":{"loc":{"start":{"line":52,"column":4},"end":{"line":54,"column":null}},"type":"if","locations":[{"start":{"line":52,"column":4},"end":{"line":54,"column":null}},{"start":{},"end":{}}],"line":52},"3":{"loc":{"start":{"line":63,"column":9},"end":{"line":66,"column":null}},"type":"cond-expr","locations":[{"start":{"line":64,"column":10},"end":{"line":64,"column":null}},{"start":{"line":66,"column":10},"end":{"line":66,"column":null}}],"line":63}},"s":{"0":0,"1":0,"2":0,"3":0,"4":0,"5":0,"6":0,"7":0,"8":0,"9":0,"10":0,"11":0,"12":0,"13":0,"14":0,"15":0,"16":0,"17":0,"18":0,"19":0,"20":0},"f":{"0":0,"1":0,"2":0,"3":0,"4":0},"b":{"0":[0],"1":[0,0],"2":[0,0],"3":[0,0]},"meta":{"lastBranch":4,"lastFunction":5,"lastStatement":21,"seen":{"s:11:20:16:Infinity":0,"s:18:31:20:Infinity":1,"s:22:30:26:Infinity":2,"s:28:31:35:Infinity":3,"s:37:27:47:Infinity":4,"f:18:31:18:58":0,"s:19:4:19:Infinity":5,"f:22:30:22:Infinity":1,"s:25:4:25:Infinity":6,"f:28:31:28:Infinity":2,"s:31:4:31:Infinity":7,"s:32:27:32:Infinity":8,"s:33:4:33:Infinity":9,"s:34:4:34:Infinity":10,"f:37:27:37:34":3,"b:37:55:37:77":0,"s:38:4:38:Infinity":11,"s:40:4:46:Infinity":12,"s:41:22:41:Infinity":13,"s:42:6:42:Infinity":14,"s:44:22:44:Infinity":15,"b:44:47:44:63:44:63:44:Infinity":1,"s:45:6:45:Infinity":16,"f:49:18:49:27":4,"s:50:51:50:Infinity":17,"b:52:4:54:Infinity:undefined:undefined:undefined:undefined":2,"s:52:4:54:Infinity":18,"s:53:6:53:Infinity":19,"s:56:4:68:Infinity":20,"b:64:10:64:Infinity:66:10:66:Infinity":3}}}
,"E:\\projects\\ricky-morty\\src\\components\\CardList\\CardList.tsx": {"path":"E:\\projects\\ricky-morty\\src\\components\\CardList\\CardList.tsx","statementMap":{"0":{"start":{"line":9,"column":4},"end":{"line":14,"column":null}},"1":{"start":{"line":12,"column":10},"end":{"line":12,"column":null}}},"fnMap":{"0":{"name":"(anonymous_0)","decl":{"start":{"line":8,"column":18},"end":{"line":8,"column":27}},"loc":{"start":{"line":8,"column":27},"end":{"line":16,"column":null}},"line":8},"1":{"name":"(anonymous_1)","decl":{"start":{"line":11,"column":32},"end":{"line":11,"column":33}},"loc":{"start":{"line":12,"column":10},"end":{"line":12,"column":null}},"line":12}},"branchMap":{},"s":{"0":0,"1":0},"f":{"0":0,"1":0},"b":{},"meta":{"lastBranch":0,"lastFunction":2,"lastStatement":2,"seen":{"f:8:18:8:27":0,"s:9:4:14:Infinity":0,"f:11:32:11:33":1,"s:12:10:12:Infinity":1}}}
,"E:\\projects\\ricky-morty\\src\\components\\CharacterCard\\CharacterCard.tsx": {"path":"E:\\projects\\ricky-morty\\src\\components\\CharacterCard\\CharacterCard.tsx","statementMap":{"0":{"start":{"line":11,"column":4},"end":{"line":36,"column":null}}},"fnMap":{"0":{"name":"(anonymous_0)","decl":{"start":{"line":10,"column":18},"end":{"line":10,"column":27}},"loc":{"start":{"line":10,"column":27},"end":{"line":38,"column":null}},"line":10}},"branchMap":{},"s":{"0":0},"f":{"0":0},"b":{},"meta":{"lastBranch":0,"lastFunction":1,"lastStatement":1,"seen":{"f:10:18:10:27":0,"s:11:4:36:Infinity":0}}}
,"E:\\projects\\ricky-morty\\src\\components\\Header\\Header.tsx": {"path":"E:\\projects\\ricky-morty\\src\\components\\Header\\Header.tsx","statementMap":{"0":{"start":{"line":14,"column":4},"end":{"line":23,"column":null}}},"fnMap":{"0":{"name":"(anonymous_0)","decl":{"start":{"line":13,"column":18},"end":{"line":13,"column":27}},"loc":{"start":{"line":13,"column":27},"end":{"line":25,"column":null}},"line":13}},"branchMap":{},"s":{"0":0},"f":{"0":0},"b":{},"meta":{"lastBranch":0,"lastFunction":1,"lastStatement":1,"seen":{"f:13:18:13:27":0,"s:14:4:23:Infinity":0}}}
,"E:\\projects\\ricky-morty\\src\\components\\Loader\\Loader.tsx": {"path":"E:\\projects\\ricky-morty\\src\\components\\Loader\\Loader.tsx","statementMap":{"0":{"start":{"line":3,"column":15},"end":{"line":9,"column":null}},"1":{"start":{"line":4,"column":2},"end":{"line":7,"column":null}}},"fnMap":{"0":{"name":"(anonymous_0)","decl":{"start":{"line":3,"column":15},"end":{"line":3,"column":21}},"loc":{"start":{"line":3,"column":21},"end":{"line":9,"column":null}},"line":3}},"branchMap":{},"s":{"0":0,"1":0},"f":{"0":0},"b":{},"meta":{"lastBranch":0,"lastFunction":1,"lastStatement":2,"seen":{"s:3:15:9:Infinity":0,"f:3:15:3:21":0,"s:4:2:7:Infinity":1}}}
,"E:\\projects\\ricky-morty\\src\\components\\NoResults\\NoResults.tsx": {"path":"E:\\projects\\ricky-morty\\src\\components\\NoResults\\NoResults.tsx","statementMap":{"0":{"start":{"line":7,"column":4},"end":{"line":12,"column":null}}},"fnMap":{"0":{"name":"(anonymous_0)","decl":{"start":{"line":6,"column":18},"end":{"line":6,"column":27}},"loc":{"start":{"line":6,"column":27},"end":{"line":14,"column":null}},"line":6}},"branchMap":{},"s":{"0":1},"f":{"0":1},"b":{},"meta":{"lastBranch":0,"lastFunction":1,"lastStatement":1,"seen":{"f:6:18:6:27":0,"s:7:4:12:Infinity":0}}}
,"E:\\projects\\ricky-morty\\src\\components\\SearchForm\\SearchForm.tsx": {"path":"E:\\projects\\ricky-morty\\src\\components\\SearchForm\\SearchForm.tsx","statementMap":{"0":{"start":{"line":13,"column":4},"end":{"line":23,"column":null}}},"fnMap":{"0":{"name":"(anonymous_0)","decl":{"start":{"line":12,"column":18},"end":{"line":12,"column":27}},"loc":{"start":{"line":12,"column":27},"end":{"line":25,"column":null}},"line":12}},"branchMap":{},"s":{"0":5},"f":{"0":5},"b":{},"meta":{"lastBranch":0,"lastFunction":1,"lastStatement":1,"seen":{"f:12:18:12:27":0,"s:13:4:23:Infinity":0}}}
,"E:\\projects\\ricky-morty\\src\\components\\UI\\Button\\Button.tsx": {"path":"E:\\projects\\ricky-morty\\src\\components\\UI\\Button\\Button.tsx","statementMap":{"0":{"start":{"line":13,"column":58},"end":{"line":13,"column":null}},"1":{"start":{"line":15,"column":4},"end":{"line":23,"column":null}}},"fnMap":{"0":{"name":"(anonymous_0)","decl":{"start":{"line":12,"column":18},"end":{"line":12,"column":27}},"loc":{"start":{"line":12,"column":27},"end":{"line":25,"column":null}},"line":12}},"branchMap":{"0":{"loc":{"start":{"line":13,"column":31},"end":{"line":13,"column":49}},"type":"default-arg","locations":[{"start":{"line":13,"column":42},"end":{"line":13,"column":49}}],"line":13}},"s":{"0":5,"1":5},"f":{"0":5},"b":{"0":[5]},"meta":{"lastBranch":1,"lastFunction":1,"lastStatement":2,"seen":{"f:12:18:12:27":0,"s:13:58:13:Infinity":0,"b:13:42:13:49":0,"s:15:4:23:Infinity":1}}}
,"E:\\projects\\ricky-morty\\src\\services\\characterService.ts": {"path":"E:\\projects\\ricky-morty\\src\\services\\characterService.ts","statementMap":{"0":{"start":{"line":3,"column":17},"end":{"line":3,"column":null}},"1":{"start":{"line":5,"column":31},"end":{"line":33,"column":null}},"2":{"start":{"line":8,"column":23},"end":{"line":8,"column":null}},"3":{"start":{"line":10,"column":14},"end":{"line":12,"column":null}},"4":{"start":{"line":14,"column":19},"end":{"line":14,"column":null}},"5":{"start":{"line":22,"column":15},"end":{"line":22,"column":null}},"6":{"start":{"line":24,"column":2},"end":{"line":27,"column":null}},"7":{"start":{"line":25,"column":4},"end":{"line":25,"column":null}},"8":{"start":{"line":26,"column":4},"end":{"line":26,"column":null}},"9":{"start":{"line":29,"column":2},"end":{"line":31,"column":null}},"10":{"start":{"line":30,"column":4},"end":{"line":30,"column":null}},"11":{"start":{"line":32,"column":2},"end":{"line":32,"column":null}}},"fnMap":{"0":{"name":"(anonymous_0)","decl":{"start":{"line":5,"column":31},"end":{"line":5,"column":null}},"loc":{"start":{"line":7,"column":27},"end":{"line":33,"column":null}},"line":7}},"branchMap":{"0":{"loc":{"start":{"line":6,"column":2},"end":{"line":6,"column":null}},"type":"default-arg","locations":[{"start":{"line":6,"column":24},"end":{"line":6,"column":null}}],"line":6},"1":{"loc":{"start":{"line":10,"column":14},"end":{"line":12,"column":null}},"type":"cond-expr","locations":[{"start":{"line":11,"column":6},"end":{"line":11,"column":null}},{"start":{"line":12,"column":6},"end":{"line":12,"column":null}}],"line":10},"2":{"loc":{"start":{"line":24,"column":2},"end":{"line":27,"column":null}},"type":"if","locations":[{"start":{"line":24,"column":2},"end":{"line":27,"column":null}},{"start":{},"end":{}}],"line":24},"3":{"loc":{"start":{"line":29,"column":2},"end":{"line":31,"column":null}},"type":"if","locations":[{"start":{"line":29,"column":2},"end":{"line":31,"column":null}},{"start":{},"end":{}}],"line":29},"4":{"loc":{"start":{"line":32,"column":9},"end":{"line":32,"column":null}},"type":"cond-expr","locations":[{"start":{"line":32,"column":39},"end":{"line":32,"column":54}},{"start":{"line":32,"column":54},"end":{"line":32,"column":null}}],"line":32}},"s":{"0":0,"1":0,"2":0,"3":0,"4":0,"5":0,"6":0,"7":0,"8":0,"9":0,"10":0,"11":0},"f":{"0":0},"b":{"0":[0],"1":[0,0],"2":[0,0],"3":[0,0],"4":[0,0]},"meta":{"lastBranch":5,"lastFunction":1,"lastStatement":12,"seen":{"s:3:17:3:Infinity":0,"s:5:31:33:Infinity":1,"f:5:31:5:Infinity":0,"b:6:24:6:Infinity":0,"s:8:23:8:Infinity":2,"s:10:14:12:Infinity":3,"b:11:6:11:Infinity:12:6:12:Infinity":1,"s:14:19:14:Infinity":4,"s:22:15:22:Infinity":5,"b:24:2:27:Infinity:undefined:undefined:undefined:undefined":2,"s:24:2:27:Infinity":6,"s:25:4:25:Infinity":7,"s:26:4:26:Infinity":8,"b:29:2:31:Infinity:undefined:undefined:undefined:undefined":3,"s:29:2:31:Infinity":9,"s:30:4:30:Infinity":10,"s:32:2:32:Infinity":11,"b:32:39:32:54:32:54:32:Infinity":4}}}
}
